
============================================================================================================
==========================================****LOG STATS KILLER****==========================================
============================================================================================================

============================================================================================================
==========================================***PARTIDA [11348968]***==========================================
============================================================================================================

JOGADOR                  SCORE         MORTES      ARMA PREFERIDA
Roman                        5              2           AK47
Ken                          3              1            M22
John                         2              0            M18
Mar                          1              2            M18
Jay                          0              2              -
Ron                          0              2              -
Nick                         0              4              -

============================================================================================================
======================================***AWARDS PARTIDA [11348968]***======================================
============================================================================================================

Maior sequencia (sem morrer) [ John ] score [ 4 ]
Jogadores que nao morreram na partida[ John ]
Jogadores que mataram 5 em 1 minuto [ Roman ]


============================================================================================================
==========================================***PARTIDA [11348965]***==========================================
============================================================================================================

JOGADOR                  SCORE         MORTES      ARMA PREFERIDA
Roman                        5              2           AK47
Ken                          3              1            M22
John                         2              0            M18
Mar                          1              2            M18
Jay                          0              2              -
Ron                          0              2              -
Nick                         0              4              -

============================================================================================================
======================================***AWARDS PARTIDA [11348965]***======================================
============================================================================================================

Maior sequencia (sem morrer) [ Roman ] score [ 4 ]
Jogadores que nao morreram na partida[ John ]
Jogadores que mataram 5 em 1 minuto [ Roman ]

